<?xml version="1.0" encoding="UTF-8"?>
<!-- Generated by org.testng.reporters.JUnitXMLReporter -->
<testsuite hostname="alok-lt" name="TestAndroid" tests="5" failures="5" timestamp="6 Nov 2017 16:27:22 GMT" time="167.535" errors="0">
  <testcase name="@AfterMethod tearDown" time="0.0" classname="com.experitest.auto.AndroidDemoTest">
    <failure type="org.openqa.selenium.remote.SessionNotFoundException" message="Can&amp;apos;t delete appium session CLOUD-SID:2017-11-06_18-24-57-84383dc4-721a-4324-b94b-a5ccabbdd4b1, session was not found. (WARNING: The server did not provide any stacktrace information)
Command duration or timeout: 205 milliseconds
Build info: version: &amp;apos;2.53.1&amp;apos;, revision: &amp;apos;a36b8b1cd5757287168e54b817830adce9b0158d&amp;apos;, time: &amp;apos;2016-06-30 19:26:09&amp;apos;
System info: host: &amp;apos;alok-lt&amp;apos;, ip: &amp;apos;192.168.244.2&amp;apos;, os.name: &amp;apos;Windows 10&amp;apos;, os.arch: &amp;apos;amd64&amp;apos;, os.version: &amp;apos;10.0&amp;apos;, java.version: &amp;apos;1.8.0_131&amp;apos;
Driver info: io.appium.java_client.android.AndroidDriver
Capabilities [{appPackage=com.experitest.ExperiBank, device.majorVersion=6.x, dontGoHomeOnQuit=false, device.os=Android, noReset=false, dontStopAppOnReset=false, project=Default, reservationDuration=240, reportFormat=xml, fullReset=false, platform=ANY, desired={app=cloud:com.experitest.ExperiBank/.LoginActivity, appPackage=com.experitest.ExperiBank, appActivity=.LoginActivity, orientation=PORTRAIT, deviceQuery=@os=&amp;apos;android&amp;apos;, reportDirectory=reports, project=Default, reportFormat=xml, platformName=Android, testName=AndroidDemoTest}, device.serialNumber=02dfe56321089ac2, device.version=6.0.1, deviceQuery=@os=&amp;apos;android&amp;apos;, reportDirectory=reports, autoWebview=false, platformName=Android, testName=AndroidDemoTest, device.screenSize=1080x1920, useKeystore=false, app=cloud:com.experitest.ExperiBank/.LoginActivity, orientation=PORTRAIT, cloudViewLink=https://cloud-dhm2.experitest.com:443/#/9tkFChkHdCZPHvlm?1
Picked up Grid Node (seetest_7779)
Reserved Device : LGE Nexus 5, device.manufacture=LGE, instrumentApp=false, device.category=PHONE, autoDismissAlerts=false, reportUrl=https://cloudreports.experitest.com/#/test/566, keystorePath=~/.android/debug.keystore, appActivity=.LoginActivity, waitForDeviceTimeout=120000, device.model=Nexus 5, device.name=LGE Nexus 5, projectName=, gridNodePort=7779, autoAcceptAlerts=false}]
Session ID: CLOUD-SID:2017-11-06_18-24-57-84383dc4-721a-4324-b94b-a5ccabbdd4b1">
      <![CDATA[org.openqa.selenium.remote.SessionNotFoundException: Can't delete appium session CLOUD-SID:2017-11-06_18-24-57-84383dc4-721a-4324-b94b-a5ccabbdd4b1, session was not found. (WARNING: The server did not provide any stacktrace information)
Command duration or timeout: 205 milliseconds
Build info: version: '2.53.1', revision: 'a36b8b1cd5757287168e54b817830adce9b0158d', time: '2016-06-30 19:26:09'
System info: host: 'alok-lt', ip: '192.168.244.2', os.name: 'Windows 10', os.arch: 'amd64', os.version: '10.0', java.version: '1.8.0_131'
Driver info: io.appium.java_client.android.AndroidDriver
Capabilities [{appPackage=com.experitest.ExperiBank, device.majorVersion=6.x, dontGoHomeOnQuit=false, device.os=Android, noReset=false, dontStopAppOnReset=false, project=Default, reservationDuration=240, reportFormat=xml, fullReset=false, platform=ANY, desired={app=cloud:com.experitest.ExperiBank/.LoginActivity, appPackage=com.experitest.ExperiBank, appActivity=.LoginActivity, orientation=PORTRAIT, deviceQuery=@os='android', reportDirectory=reports, project=Default, reportFormat=xml, platformName=Android, testName=AndroidDemoTest}, device.serialNumber=02dfe56321089ac2, device.version=6.0.1, deviceQuery=@os='android', reportDirectory=reports, autoWebview=false, platformName=Android, testName=AndroidDemoTest, device.screenSize=1080x1920, useKeystore=false, app=cloud:com.experitest.ExperiBank/.LoginActivity, orientation=PORTRAIT, cloudViewLink=https://cloud-dhm2.experitest.com:443/#/9tkFChkHdCZPHvlm?1
Picked up Grid Node (seetest_7779)
Reserved Device : LGE Nexus 5, device.manufacture=LGE, instrumentApp=false, device.category=PHONE, autoDismissAlerts=false, reportUrl=https://cloudreports.experitest.com/#/test/566, keystorePath=~/.android/debug.keystore, appActivity=.LoginActivity, waitForDeviceTimeout=120000, device.model=Nexus 5, device.name=LGE Nexus 5, projectName=, gridNodePort=7779, autoAcceptAlerts=false}]
Session ID: CLOUD-SID:2017-11-06_18-24-57-84383dc4-721a-4324-b94b-a5ccabbdd4b1
	at org.openqa.selenium.remote.ErrorHandler.createThrowable(ErrorHandler.java:206)
	at org.openqa.selenium.remote.ErrorHandler.throwIfResponseFailed(ErrorHandler.java:158)
	at org.openqa.selenium.remote.RemoteWebDriver.execute(RemoteWebDriver.java:678)
	at io.appium.java_client.DefaultGenericMobileDriver.execute(DefaultGenericMobileDriver.java:40)
	at io.appium.java_client.AppiumDriver.execute(AppiumDriver.java:235)
	at org.openqa.selenium.remote.RemoteWebDriver.quit(RemoteWebDriver.java:526)
	at com.experitest.auto.AndroidDemoTest.tearDown(AndroidDemoTest.java:132)
	at java.util.concurrent.ThreadPoolExecutor.runWorker(ThreadPoolExecutor.java:1142)
	at java.util.concurrent.ThreadPoolExecutor$Worker.run(ThreadPoolExecutor.java:617)
	at java.lang.Thread.run(Thread.java:748)
... Removed 16 stack frames]]>
    </failure>
  </testcase> <!-- @AfterMethod tearDown -->
  <testcase name="@AfterMethod tearDown" time="0.0" classname="com.experitest.auto.AndroidDemoTest">
    <skipped/>
  </testcase> <!-- @AfterMethod tearDown -->
  <testcase name="@AfterMethod tearDown" time="0.0" classname="com.experitest.auto.AndroidDemoTest">
    <skipped/>
  </testcase> <!-- @AfterMethod tearDown -->
  <testcase name="@AfterMethod tearDown" time="0.0" classname="com.experitest.auto.AndroidDemoTest">
    <skipped/>
  </testcase> <!-- @AfterMethod tearDown -->
  <testcase name="MakePayMentTest" time="4.087" classname="com.experitest.auto.AndroidDemoTest">
    <failure type="org.openqa.selenium.NoSuchElementException" message="no such element (An element could not be located on the page using the given search parameters (XPATH=&amp;apos;//*[@text=&amp;apos;Username&amp;apos;]&amp;apos;))  (WARNING: The server did not provide any stacktrace information)
Command duration or timeout: 2.87 seconds
For documentation on this error, please visit: http://seleniumhq.org/exceptions/no_such_element.html
Build info: version: &amp;apos;2.53.1&amp;apos;, revision: &amp;apos;a36b8b1cd5757287168e54b817830adce9b0158d&amp;apos;, time: &amp;apos;2016-06-30 19:26:09&amp;apos;
System info: host: &amp;apos;alok-lt&amp;apos;, ip: &amp;apos;192.168.244.2&amp;apos;, os.name: &amp;apos;Windows 10&amp;apos;, os.arch: &amp;apos;amd64&amp;apos;, os.version: &amp;apos;10.0&amp;apos;, java.version: &amp;apos;1.8.0_131&amp;apos;
Driver info: io.appium.java_client.android.AndroidDriver
Capabilities [{appPackage=com.experitest.ExperiBank, device.majorVersion=6.x, dontGoHomeOnQuit=false, device.os=Android, noReset=false, dontStopAppOnReset=false, project=Default, reservationDuration=240, reportFormat=xml, fullReset=false, platform=ANY, desired={app=cloud:com.experitest.ExperiBank/.LoginActivity, appPackage=com.experitest.ExperiBank, appActivity=.LoginActivity, orientation=PORTRAIT, deviceQuery=@os=&amp;apos;android&amp;apos;, reportDirectory=reports, project=Default, reportFormat=xml, platformName=Android, testName=AndroidDemoTest}, device.serialNumber=02dfe56321089ac2, device.version=6.0.1, deviceQuery=@os=&amp;apos;android&amp;apos;, reportDirectory=reports, autoWebview=false, platformName=Android, testName=AndroidDemoTest, device.screenSize=1080x1920, useKeystore=false, app=cloud:com.experitest.ExperiBank/.LoginActivity, orientation=PORTRAIT, cloudViewLink=https://cloud-dhm2.experitest.com:443/#/9tkFChkHdCZPHvlm?1
Picked up Grid Node (seetest_7779)
Reserved Device : LGE Nexus 5, device.manufacture=LGE, instrumentApp=false, device.category=PHONE, autoDismissAlerts=false, reportUrl=https://cloudreports.experitest.com/#/test/566, keystorePath=~/.android/debug.keystore, appActivity=.LoginActivity, waitForDeviceTimeout=120000, device.model=Nexus 5, device.name=LGE Nexus 5, projectName=, gridNodePort=7779, autoAcceptAlerts=false}]
Session ID: CLOUD-SID:2017-11-06_18-24-57-84383dc4-721a-4324-b94b-a5ccabbdd4b1
*** Element info: {Using=xpath, value=//*[@text=&amp;apos;Username&amp;apos;]}">
      <![CDATA[org.openqa.selenium.NoSuchElementException: no such element (An element could not be located on the page using the given search parameters (XPATH='//*[@text='Username']'))  (WARNING: The server did not provide any stacktrace information)
Command duration or timeout: 2.87 seconds
For documentation on this error, please visit: http://seleniumhq.org/exceptions/no_such_element.html
Build info: version: '2.53.1', revision: 'a36b8b1cd5757287168e54b817830adce9b0158d', time: '2016-06-30 19:26:09'
System info: host: 'alok-lt', ip: '192.168.244.2', os.name: 'Windows 10', os.arch: 'amd64', os.version: '10.0', java.version: '1.8.0_131'
Driver info: io.appium.java_client.android.AndroidDriver
Capabilities [{appPackage=com.experitest.ExperiBank, device.majorVersion=6.x, dontGoHomeOnQuit=false, device.os=Android, noReset=false, dontStopAppOnReset=false, project=Default, reservationDuration=240, reportFormat=xml, fullReset=false, platform=ANY, desired={app=cloud:com.experitest.ExperiBank/.LoginActivity, appPackage=com.experitest.ExperiBank, appActivity=.LoginActivity, orientation=PORTRAIT, deviceQuery=@os='android', reportDirectory=reports, project=Default, reportFormat=xml, platformName=Android, testName=AndroidDemoTest}, device.serialNumber=02dfe56321089ac2, device.version=6.0.1, deviceQuery=@os='android', reportDirectory=reports, autoWebview=false, platformName=Android, testName=AndroidDemoTest, device.screenSize=1080x1920, useKeystore=false, app=cloud:com.experitest.ExperiBank/.LoginActivity, orientation=PORTRAIT, cloudViewLink=https://cloud-dhm2.experitest.com:443/#/9tkFChkHdCZPHvlm?1
Picked up Grid Node (seetest_7779)
Reserved Device : LGE Nexus 5, device.manufacture=LGE, instrumentApp=false, device.category=PHONE, autoDismissAlerts=false, reportUrl=https://cloudreports.experitest.com/#/test/566, keystorePath=~/.android/debug.keystore, appActivity=.LoginActivity, waitForDeviceTimeout=120000, device.model=Nexus 5, device.name=LGE Nexus 5, projectName=, gridNodePort=7779, autoAcceptAlerts=false}]
Session ID: CLOUD-SID:2017-11-06_18-24-57-84383dc4-721a-4324-b94b-a5ccabbdd4b1
*** Element info: {Using=xpath, value=//*[@text='Username']}
	at org.openqa.selenium.remote.ErrorHandler.createThrowable(ErrorHandler.java:206)
	at org.openqa.selenium.remote.ErrorHandler.throwIfResponseFailed(ErrorHandler.java:158)
	at org.openqa.selenium.remote.RemoteWebDriver.execute(RemoteWebDriver.java:678)
	at io.appium.java_client.DefaultGenericMobileDriver.execute(DefaultGenericMobileDriver.java:40)
	at io.appium.java_client.AppiumDriver.execute(AppiumDriver.java:1)
	at io.appium.java_client.android.AndroidDriver.execute(AndroidDriver.java:1)
	at org.openqa.selenium.remote.RemoteWebDriver.findElement(RemoteWebDriver.java:363)
	at io.appium.java_client.DefaultGenericMobileDriver.findElement(DefaultGenericMobileDriver.java:56)
	at io.appium.java_client.AppiumDriver.findElement(AppiumDriver.java:1)
	at io.appium.java_client.android.AndroidDriver.findElement(AndroidDriver.java:1)
	at org.openqa.selenium.remote.RemoteWebDriver.findElementByXPath(RemoteWebDriver.java:500)
	at io.appium.java_client.DefaultGenericMobileDriver.findElementByXPath(DefaultGenericMobileDriver.java:134)
	at io.appium.java_client.AppiumDriver.findElementByXPath(AppiumDriver.java:1)
	at io.appium.java_client.android.AndroidDriver.findElementByXPath(AndroidDriver.java:1)
	at org.openqa.selenium.By$ByXPath.findElement(By.java:361)
	at org.openqa.selenium.remote.RemoteWebDriver.findElement(RemoteWebDriver.java:355)
	at io.appium.java_client.DefaultGenericMobileDriver.findElement(DefaultGenericMobileDriver.java:52)
	at io.appium.java_client.AppiumDriver.findElement(AppiumDriver.java:1)
	at io.appium.java_client.android.AndroidDriver.findElement(AndroidDriver.java:1)
	at com.experitest.auto.AndroidDemoTest.MakePayMentTest(AndroidDemoTest.java:71)
	at java.util.concurrent.ThreadPoolExecutor.runWorker(ThreadPoolExecutor.java:1142)
	at java.util.concurrent.ThreadPoolExecutor$Worker.run(ThreadPoolExecutor.java:617)
	at java.lang.Thread.run(Thread.java:748)
... Removed 14 stack frames]]>
    </failure>
  </testcase> <!-- MakePayMentTest -->
  <testcase name="LoginApplicationTest" time="11.601" classname="com.experitest.auto.AndroidDemoTest">
    <failure type="org.openqa.selenium.TimeoutException" message="Timed out after 10 seconds waiting for presence of element located by: By.xpath: //*[@id=&amp;apos;usernameTextField&amp;apos;]
Build info: version: &amp;apos;2.53.1&amp;apos;, revision: &amp;apos;a36b8b1cd5757287168e54b817830adce9b0158d&amp;apos;, time: &amp;apos;2016-06-30 19:26:09&amp;apos;
System info: host: &amp;apos;alok-lt&amp;apos;, ip: &amp;apos;192.168.244.2&amp;apos;, os.name: &amp;apos;Windows 10&amp;apos;, os.arch: &amp;apos;amd64&amp;apos;, os.version: &amp;apos;10.0&amp;apos;, java.version: &amp;apos;1.8.0_131&amp;apos;
Driver info: io.appium.java_client.android.AndroidDriver
Capabilities [{appPackage=com.experitest.ExperiBank, device.majorVersion=6.x, dontGoHomeOnQuit=false, device.os=Android, noReset=false, dontStopAppOnReset=false, project=Default, reservationDuration=240, reportFormat=xml, fullReset=false, platform=ANY, desired={app=cloud:com.experitest.ExperiBank/.LoginActivity, appPackage=com.experitest.ExperiBank, appActivity=.LoginActivity, orientation=PORTRAIT, deviceQuery=@os=&amp;apos;android&amp;apos;, reportDirectory=reports, project=Default, reportFormat=xml, platformName=Android, testName=AndroidDemoTest}, device.serialNumber=02dfe56321089ac2, device.version=6.0.1, deviceQuery=@os=&amp;apos;android&amp;apos;, reportDirectory=reports, autoWebview=false, platformName=Android, testName=AndroidDemoTest, device.screenSize=1080x1920, useKeystore=false, app=cloud:com.experitest.ExperiBank/.LoginActivity, orientation=PORTRAIT, cloudViewLink=https://cloud-dhm2.experitest.com:443/#/9tkFChkHdCZPHvlm?1
Picked up Grid Node (seetest_7779)
Reserved Device : LGE Nexus 5, device.manufacture=LGE, instrumentApp=false, device.category=PHONE, autoDismissAlerts=false, reportUrl=https://cloudreports.experitest.com/#/test/566, keystorePath=~/.android/debug.keystore, appActivity=.LoginActivity, waitForDeviceTimeout=120000, device.model=Nexus 5, device.name=LGE Nexus 5, projectName=, gridNodePort=7779, autoAcceptAlerts=false}]
Session ID: CLOUD-SID:2017-11-06_18-24-57-84383dc4-721a-4324-b94b-a5ccabbdd4b1">
      <![CDATA[org.openqa.selenium.TimeoutException: Timed out after 10 seconds waiting for presence of element located by: By.xpath: //*[@id='usernameTextField']
Build info: version: '2.53.1', revision: 'a36b8b1cd5757287168e54b817830adce9b0158d', time: '2016-06-30 19:26:09'
System info: host: 'alok-lt', ip: '192.168.244.2', os.name: 'Windows 10', os.arch: 'amd64', os.version: '10.0', java.version: '1.8.0_131'
Driver info: io.appium.java_client.android.AndroidDriver
Capabilities [{appPackage=com.experitest.ExperiBank, device.majorVersion=6.x, dontGoHomeOnQuit=false, device.os=Android, noReset=false, dontStopAppOnReset=false, project=Default, reservationDuration=240, reportFormat=xml, fullReset=false, platform=ANY, desired={app=cloud:com.experitest.ExperiBank/.LoginActivity, appPackage=com.experitest.ExperiBank, appActivity=.LoginActivity, orientation=PORTRAIT, deviceQuery=@os='android', reportDirectory=reports, project=Default, reportFormat=xml, platformName=Android, testName=AndroidDemoTest}, device.serialNumber=02dfe56321089ac2, device.version=6.0.1, deviceQuery=@os='android', reportDirectory=reports, autoWebview=false, platformName=Android, testName=AndroidDemoTest, device.screenSize=1080x1920, useKeystore=false, app=cloud:com.experitest.ExperiBank/.LoginActivity, orientation=PORTRAIT, cloudViewLink=https://cloud-dhm2.experitest.com:443/#/9tkFChkHdCZPHvlm?1
Picked up Grid Node (seetest_7779)
Reserved Device : LGE Nexus 5, device.manufacture=LGE, instrumentApp=false, device.category=PHONE, autoDismissAlerts=false, reportUrl=https://cloudreports.experitest.com/#/test/566, keystorePath=~/.android/debug.keystore, appActivity=.LoginActivity, waitForDeviceTimeout=120000, device.model=Nexus 5, device.name=LGE Nexus 5, projectName=, gridNodePort=7779, autoAcceptAlerts=false}]
Session ID: CLOUD-SID:2017-11-06_18-24-57-84383dc4-721a-4324-b94b-a5ccabbdd4b1
	at org.openqa.selenium.support.ui.WebDriverWait.timeoutException(WebDriverWait.java:80)
	at org.openqa.selenium.support.ui.FluentWait.until(FluentWait.java:261)
	at com.experitest.auto.AndroidDemoTest.LoginApplicationTest(AndroidDemoTest.java:57)
	at java.util.concurrent.ThreadPoolExecutor.runWorker(ThreadPoolExecutor.java:1142)
	at java.util.concurrent.ThreadPoolExecutor$Worker.run(ThreadPoolExecutor.java:617)
	at java.lang.Thread.run(Thread.java:748)
Caused by: org.openqa.selenium.remote.SessionNotFoundException: Session CLOUD-SID:2017-11-06_18-24-57-84383dc4-721a-4324-b94b-a5ccabbdd4b1 could not be found (WARNING: The server did not provide any stacktrace information)
Command duration or timeout: 209 milliseconds
Build info: version: '2.53.1', revision: 'a36b8b1cd5757287168e54b817830adce9b0158d', time: '2016-06-30 19:26:09'
System info: host: 'alok-lt', ip: '192.168.244.2', os.name: 'Windows 10', os.arch: 'amd64', os.version: '10.0', java.version: '1.8.0_131'
Driver info: io.appium.java_client.android.AndroidDriver
Capabilities [{appPackage=com.experitest.ExperiBank, device.majorVersion=6.x, dontGoHomeOnQuit=false, device.os=Android, noReset=false, dontStopAppOnReset=false, project=Default, reservationDuration=240, reportFormat=xml, fullReset=false, platform=ANY, desired={app=cloud:com.experitest.ExperiBank/.LoginActivity, appPackage=com.experitest.ExperiBank, appActivity=.LoginActivity, orientation=PORTRAIT, deviceQuery=@os='android', reportDirectory=reports, project=Default, reportFormat=xml, platformName=Android, testName=AndroidDemoTest}, device.serialNumber=02dfe56321089ac2, device.version=6.0.1, deviceQuery=@os='android', reportDirectory=reports, autoWebview=false, platformName=Android, testName=AndroidDemoTest, device.screenSize=1080x1920, useKeystore=false, app=cloud:com.experitest.ExperiBank/.LoginActivity, orientation=PORTRAIT, cloudViewLink=https://cloud-dhm2.experitest.com:443/#/9tkFChkHdCZPHvlm?1
Picked up Grid Node (seetest_7779)
Reserved Device : LGE Nexus 5, device.manufacture=LGE, instrumentApp=false, device.category=PHONE, autoDismissAlerts=false, reportUrl=https://cloudreports.experitest.com/#/test/566, keystorePath=~/.android/debug.keystore, appActivity=.LoginActivity, waitForDeviceTimeout=120000, device.model=Nexus 5, device.name=LGE Nexus 5, projectName=, gridNodePort=7779, autoAcceptAlerts=false}]
Session ID: CLOUD-SID:2017-11-06_18-24-57-84383dc4-721a-4324-b94b-a5ccabbdd4b1
*** Element info: {Using=xpath, value=//*[@id='usernameTextField']}
	at org.openqa.selenium.remote.ErrorHandler.createThrowable(ErrorHandler.java:206)
	at org.openqa.selenium.remote.ErrorHandler.throwIfResponseFailed(ErrorHandler.java:158)
	at org.openqa.selenium.remote.RemoteWebDriver.execute(RemoteWebDriver.java:678)
	at io.appium.java_client.DefaultGenericMobileDriver.execute(DefaultGenericMobileDriver.java:40)
	at io.appium.java_client.AppiumDriver.execute(AppiumDriver.java:1)
	at io.appium.java_client.android.AndroidDriver.execute(AndroidDriver.java:1)
	at org.openqa.selenium.remote.RemoteWebDriver.findElement(RemoteWebDriver.java:363)
	at io.appium.java_client.DefaultGenericMobileDriver.findElement(DefaultGenericMobileDriver.java:56)
	at io.appium.java_client.AppiumDriver.findElement(AppiumDriver.java:1)
	at io.appium.java_client.android.AndroidDriver.findElement(AndroidDriver.java:1)
	at org.openqa.selenium.remote.RemoteWebDriver.findElementByXPath(RemoteWebDriver.java:500)
	at io.appium.java_client.DefaultGenericMobileDriver.findElementByXPath(DefaultGenericMobileDriver.java:134)
	at io.appium.java_client.AppiumDriver.findElementByXPath(AppiumDriver.java:1)
	at io.appium.java_client.android.AndroidDriver.findElementByXPath(AndroidDriver.java:1)
	at org.openqa.selenium.By$ByXPath.findElement(By.java:361)
	at org.openqa.selenium.remote.RemoteWebDriver.findElement(RemoteWebDriver.java:355)
	at io.appium.java_client.DefaultGenericMobileDriver.findElement(DefaultGenericMobileDriver.java:52)
	at io.appium.java_client.AppiumDriver.findElement(AppiumDriver.java:1)
	at io.appium.java_client.android.AndroidDriver.findElement(AndroidDriver.java:1)
	at org.openqa.selenium.support.ui.ExpectedConditions.findElement(ExpectedConditions.java:899)
	at org.openqa.selenium.support.ui.ExpectedConditions.access$000(ExpectedConditions.java:41)
	at org.openqa.selenium.support.ui.ExpectedConditions$6.apply(ExpectedConditions.java:181)
	at org.openqa.selenium.support.ui.ExpectedConditions$6.apply(ExpectedConditions.java:178)
	at org.openqa.selenium.support.ui.FluentWait.until(FluentWait.java:238)
	... 14 more
... Removed 14 stack frames]]>
    </failure>
  </testcase> <!-- LoginApplicationTest -->
  <testcase name="WebApplicationTest" time="23.804" classname="com.experitest.auto.AndroidDemoTest">
    <failure type="org.openqa.selenium.remote.SessionNotFoundException" message="Session ID is null. Using WebDriver after calling quit()?
Build info: version: &amp;apos;2.53.1&amp;apos;, revision: &amp;apos;a36b8b1cd5757287168e54b817830adce9b0158d&amp;apos;, time: &amp;apos;2016-06-30 19:26:09&amp;apos;
System info: host: &amp;apos;alok-lt&amp;apos;, ip: &amp;apos;192.168.244.2&amp;apos;, os.name: &amp;apos;Windows 10&amp;apos;, os.arch: &amp;apos;amd64&amp;apos;, os.version: &amp;apos;10.0&amp;apos;, java.version: &amp;apos;1.8.0_131&amp;apos;
Driver info: driver.version: AppiumDriver">
      <![CDATA[org.openqa.selenium.remote.SessionNotFoundException: Session ID is null. Using WebDriver after calling quit()?
Build info: version: '2.53.1', revision: 'a36b8b1cd5757287168e54b817830adce9b0158d', time: '2016-06-30 19:26:09'
System info: host: 'alok-lt', ip: '192.168.244.2', os.name: 'Windows 10', os.arch: 'amd64', os.version: '10.0', java.version: '1.8.0_131'
Driver info: driver.version: AppiumDriver
	at org.openqa.selenium.remote.HttpCommandExecutor.execute(HttpCommandExecutor.java:134)
	at io.appium.java_client.remote.AppiumCommandExecutor.execute(AppiumCommandExecutor.java:69)
	at org.openqa.selenium.remote.RemoteWebDriver.execute(RemoteWebDriver.java:644)
	at io.appium.java_client.DefaultGenericMobileDriver.execute(DefaultGenericMobileDriver.java:40)
	at io.appium.java_client.AppiumDriver.execute(AppiumDriver.java:1)
	at io.appium.java_client.android.AndroidDriver.execute(AndroidDriver.java:1)
	at io.appium.java_client.AppiumDriver.context(AppiumDriver.java:557)
	at com.experitest.auto.AndroidDemoTest.WebApplicationTest(AndroidDemoTest.java:100)
	at java.util.concurrent.ThreadPoolExecutor.runWorker(ThreadPoolExecutor.java:1142)
	at java.util.concurrent.ThreadPoolExecutor$Worker.run(ThreadPoolExecutor.java:617)
	at java.lang.Thread.run(Thread.java:748)
... Removed 10 stack frames]]>
    </failure>
  </testcase> <!-- WebApplicationTest -->
  <testcase name="WebApplication2Test" time="28.546" classname="com.experitest.auto.AndroidDemoTest">
    <failure type="org.openqa.selenium.remote.SessionNotFoundException" message="Session ID is null. Using WebDriver after calling quit()?
Build info: version: &amp;apos;2.53.1&amp;apos;, revision: &amp;apos;a36b8b1cd5757287168e54b817830adce9b0158d&amp;apos;, time: &amp;apos;2016-06-30 19:26:09&amp;apos;
System info: host: &amp;apos;alok-lt&amp;apos;, ip: &amp;apos;192.168.244.2&amp;apos;, os.name: &amp;apos;Windows 10&amp;apos;, os.arch: &amp;apos;amd64&amp;apos;, os.version: &amp;apos;10.0&amp;apos;, java.version: &amp;apos;1.8.0_131&amp;apos;
Driver info: driver.version: AppiumDriver">
      <![CDATA[org.openqa.selenium.remote.SessionNotFoundException: Session ID is null. Using WebDriver after calling quit()?
Build info: version: '2.53.1', revision: 'a36b8b1cd5757287168e54b817830adce9b0158d', time: '2016-06-30 19:26:09'
System info: host: 'alok-lt', ip: '192.168.244.2', os.name: 'Windows 10', os.arch: 'amd64', os.version: '10.0', java.version: '1.8.0_131'
Driver info: driver.version: AppiumDriver
	at org.openqa.selenium.remote.HttpCommandExecutor.execute(HttpCommandExecutor.java:134)
	at io.appium.java_client.remote.AppiumCommandExecutor.execute(AppiumCommandExecutor.java:69)
	at org.openqa.selenium.remote.RemoteWebDriver.execute(RemoteWebDriver.java:644)
	at io.appium.java_client.DefaultGenericMobileDriver.execute(DefaultGenericMobileDriver.java:40)
	at io.appium.java_client.AppiumDriver.execute(AppiumDriver.java:1)
	at io.appium.java_client.android.AndroidDriver.execute(AndroidDriver.java:1)
	at io.appium.java_client.AppiumDriver.context(AppiumDriver.java:557)
	at com.experitest.auto.AndroidDemoTest.WebApplication2Test(AndroidDemoTest.java:119)
	at java.util.concurrent.ThreadPoolExecutor.runWorker(ThreadPoolExecutor.java:1142)
	at java.util.concurrent.ThreadPoolExecutor$Worker.run(ThreadPoolExecutor.java:617)
	at java.lang.Thread.run(Thread.java:748)
... Removed 10 stack frames]]>
    </failure>
  </testcase> <!-- WebApplication2Test -->
  <testcase name="LaunchApplicationTest" time="115.42" classname="com.experitest.auto.AndroidDemoTest">
    <failure type="org.openqa.selenium.TimeoutException" message="Timed out after 100 seconds waiting for presence of element located by: By.xpath: //*[@id=&amp;apos;passwordTextField&amp;apos;]
Build info: version: &amp;apos;2.53.1&amp;apos;, revision: &amp;apos;a36b8b1cd5757287168e54b817830adce9b0158d&amp;apos;, time: &amp;apos;2016-06-30 19:26:09&amp;apos;
System info: host: &amp;apos;alok-lt&amp;apos;, ip: &amp;apos;192.168.244.2&amp;apos;, os.name: &amp;apos;Windows 10&amp;apos;, os.arch: &amp;apos;amd64&amp;apos;, os.version: &amp;apos;10.0&amp;apos;, java.version: &amp;apos;1.8.0_131&amp;apos;
Driver info: io.appium.java_client.android.AndroidDriver
Capabilities [{appPackage=com.experitest.ExperiBank, device.majorVersion=7.x, dontGoHomeOnQuit=false, device.os=Android, noReset=false, dontStopAppOnReset=false, project=Default, reservationDuration=240, reportFormat=xml, fullReset=false, platform=ANY, desired={app=cloud:com.experitest.ExperiBank/.LoginActivity, appPackage=com.experitest.ExperiBank, appActivity=.LoginActivity, orientation=PORTRAIT, deviceQuery=@os=&amp;apos;android&amp;apos;, reportDirectory=reports, project=Default, reportFormat=xml, platformName=Android, testName=AndroidDemoTest}, device.serialNumber=98866742375a394e33, device.version=7.0, deviceQuery=@os=&amp;apos;android&amp;apos;, reportDirectory=reports, autoWebview=false, platformName=Android, testName=AndroidDemoTest, device.screenSize=1080x1920, useKeystore=false, app=cloud:com.experitest.ExperiBank/.LoginActivity, orientation=PORTRAIT, cloudViewLink=https://cloud-dhm1.experitest.com:443/#/itIH4FHLLhD6tm9v?1
Picked up Grid Node (seetest_7777)
Reserved Device : samsung Galaxy S7, device.manufacture=samsung, instrumentApp=false, device.category=PHONE, autoDismissAlerts=false, reportUrl=https://cloudreports.experitest.com/#/test/567, keystorePath=~/.android/debug.keystore, appActivity=.LoginActivity, waitForDeviceTimeout=120000, device.model=SM-G930F, device.name=samsung Galaxy S7, projectName=, gridNodePort=7777, autoAcceptAlerts=false}]
Session ID: CLOUD-SID:2017-11-06_18-24-36-524ef119-36a5-4354-9219-f3183cb173ad">
      <![CDATA[org.openqa.selenium.TimeoutException: Timed out after 100 seconds waiting for presence of element located by: By.xpath: //*[@id='passwordTextField']
Build info: version: '2.53.1', revision: 'a36b8b1cd5757287168e54b817830adce9b0158d', time: '2016-06-30 19:26:09'
System info: host: 'alok-lt', ip: '192.168.244.2', os.name: 'Windows 10', os.arch: 'amd64', os.version: '10.0', java.version: '1.8.0_131'
Driver info: io.appium.java_client.android.AndroidDriver
Capabilities [{appPackage=com.experitest.ExperiBank, device.majorVersion=7.x, dontGoHomeOnQuit=false, device.os=Android, noReset=false, dontStopAppOnReset=false, project=Default, reservationDuration=240, reportFormat=xml, fullReset=false, platform=ANY, desired={app=cloud:com.experitest.ExperiBank/.LoginActivity, appPackage=com.experitest.ExperiBank, appActivity=.LoginActivity, orientation=PORTRAIT, deviceQuery=@os='android', reportDirectory=reports, project=Default, reportFormat=xml, platformName=Android, testName=AndroidDemoTest}, device.serialNumber=98866742375a394e33, device.version=7.0, deviceQuery=@os='android', reportDirectory=reports, autoWebview=false, platformName=Android, testName=AndroidDemoTest, device.screenSize=1080x1920, useKeystore=false, app=cloud:com.experitest.ExperiBank/.LoginActivity, orientation=PORTRAIT, cloudViewLink=https://cloud-dhm1.experitest.com:443/#/itIH4FHLLhD6tm9v?1
Picked up Grid Node (seetest_7777)
Reserved Device : samsung Galaxy S7, device.manufacture=samsung, instrumentApp=false, device.category=PHONE, autoDismissAlerts=false, reportUrl=https://cloudreports.experitest.com/#/test/567, keystorePath=~/.android/debug.keystore, appActivity=.LoginActivity, waitForDeviceTimeout=120000, device.model=SM-G930F, device.name=samsung Galaxy S7, projectName=, gridNodePort=7777, autoAcceptAlerts=false}]
Session ID: CLOUD-SID:2017-11-06_18-24-36-524ef119-36a5-4354-9219-f3183cb173ad
	at org.openqa.selenium.support.ui.WebDriverWait.timeoutException(WebDriverWait.java:80)
	at org.openqa.selenium.support.ui.FluentWait.until(FluentWait.java:261)
	at com.experitest.auto.AndroidDemoTest.LaunchApplicationTest(AndroidDemoTest.java:44)
	at java.util.concurrent.ThreadPoolExecutor.runWorker(ThreadPoolExecutor.java:1142)
	at java.util.concurrent.ThreadPoolExecutor$Worker.run(ThreadPoolExecutor.java:617)
	at java.lang.Thread.run(Thread.java:748)
Caused by: org.openqa.selenium.NoSuchElementException: no such element (An element could not be located on the page using the given search parameters (XPATH='//*[@id='passwordTextField']'))  (WARNING: The server did not provide any stacktrace information)
Command duration or timeout: 2.77 seconds
For documentation on this error, please visit: http://seleniumhq.org/exceptions/no_such_element.html
Build info: version: '2.53.1', revision: 'a36b8b1cd5757287168e54b817830adce9b0158d', time: '2016-06-30 19:26:09'
System info: host: 'alok-lt', ip: '192.168.244.2', os.name: 'Windows 10', os.arch: 'amd64', os.version: '10.0', java.version: '1.8.0_131'
Driver info: io.appium.java_client.android.AndroidDriver
Capabilities [{appPackage=com.experitest.ExperiBank, device.majorVersion=7.x, dontGoHomeOnQuit=false, device.os=Android, noReset=false, dontStopAppOnReset=false, project=Default, reservationDuration=240, reportFormat=xml, fullReset=false, platform=ANY, desired={app=cloud:com.experitest.ExperiBank/.LoginActivity, appPackage=com.experitest.ExperiBank, appActivity=.LoginActivity, orientation=PORTRAIT, deviceQuery=@os='android', reportDirectory=reports, project=Default, reportFormat=xml, platformName=Android, testName=AndroidDemoTest}, device.serialNumber=98866742375a394e33, device.version=7.0, deviceQuery=@os='android', reportDirectory=reports, autoWebview=false, platformName=Android, testName=AndroidDemoTest, device.screenSize=1080x1920, useKeystore=false, app=cloud:com.experitest.ExperiBank/.LoginActivity, orientation=PORTRAIT, cloudViewLink=https://cloud-dhm1.experitest.com:443/#/itIH4FHLLhD6tm9v?1
Picked up Grid Node (seetest_7777)
Reserved Device : samsung Galaxy S7, device.manufacture=samsung, instrumentApp=false, device.category=PHONE, autoDismissAlerts=false, reportUrl=https://cloudreports.experitest.com/#/test/567, keystorePath=~/.android/debug.keystore, appActivity=.LoginActivity, waitForDeviceTimeout=120000, device.model=SM-G930F, device.name=samsung Galaxy S7, projectName=, gridNodePort=7777, autoAcceptAlerts=false}]
Session ID: CLOUD-SID:2017-11-06_18-24-36-524ef119-36a5-4354-9219-f3183cb173ad
*** Element info: {Using=xpath, value=//*[@id='passwordTextField']}
	at org.openqa.selenium.remote.ErrorHandler.createThrowable(ErrorHandler.java:206)
	at org.openqa.selenium.remote.ErrorHandler.throwIfResponseFailed(ErrorHandler.java:158)
	at org.openqa.selenium.remote.RemoteWebDriver.execute(RemoteWebDriver.java:678)
	at io.appium.java_client.DefaultGenericMobileDriver.execute(DefaultGenericMobileDriver.java:40)
	at io.appium.java_client.AppiumDriver.execute(AppiumDriver.java:1)
	at io.appium.java_client.android.AndroidDriver.execute(AndroidDriver.java:1)
	at org.openqa.selenium.remote.RemoteWebDriver.findElement(RemoteWebDriver.java:363)
	at io.appium.java_client.DefaultGenericMobileDriver.findElement(DefaultGenericMobileDriver.java:56)
	at io.appium.java_client.AppiumDriver.findElement(AppiumDriver.java:1)
	at io.appium.java_client.android.AndroidDriver.findElement(AndroidDriver.java:1)
	at org.openqa.selenium.remote.RemoteWebDriver.findElementByXPath(RemoteWebDriver.java:500)
	at io.appium.java_client.DefaultGenericMobileDriver.findElementByXPath(DefaultGenericMobileDriver.java:134)
	at io.appium.java_client.AppiumDriver.findElementByXPath(AppiumDriver.java:1)
	at io.appium.java_client.android.AndroidDriver.findElementByXPath(AndroidDriver.java:1)
	at org.openqa.selenium.By$ByXPath.findElement(By.java:361)
	at org.openqa.selenium.remote.RemoteWebDriver.findElement(RemoteWebDriver.java:355)
	at io.appium.java_client.DefaultGenericMobileDriver.findElement(DefaultGenericMobileDriver.java:52)
	at io.appium.java_client.AppiumDriver.findElement(AppiumDriver.java:1)
	at io.appium.java_client.android.AndroidDriver.findElement(AndroidDriver.java:1)
	at org.openqa.selenium.support.ui.ExpectedConditions.findElement(ExpectedConditions.java:899)
	at org.openqa.selenium.support.ui.ExpectedConditions.access$000(ExpectedConditions.java:41)
	at org.openqa.selenium.support.ui.ExpectedConditions$6.apply(ExpectedConditions.java:181)
	at org.openqa.selenium.support.ui.ExpectedConditions$6.apply(ExpectedConditions.java:178)
	at org.openqa.selenium.support.ui.FluentWait.until(FluentWait.java:238)
	... 14 more
... Removed 13 stack frames]]>
    </failure>
  </testcase> <!-- LaunchApplicationTest -->
</testsuite> <!-- TestAndroid -->
