<?xml version="1.0" encoding="UTF-8"?>
<!-- Generated by org.testng.reporters.JUnitXMLReporter -->
<testsuite hostname="alok-lt" name="TestAndroid" tests="5" failures="0" timestamp="9 Jan 2018 13:18:07 GMT" time="684.561" errors="0">
  <testcase name="LaunchApplicationTest" time="14.096" classname="com.experitest.auto.AndroidDemoTest"/>
  <testcase name="LoginApplicationTest" time="21.625" classname="com.experitest.auto.AndroidDemoTest"/>
  <testcase name="MakePayMentTest" time="61.563" classname="com.experitest.auto.AndroidDemoTest"/>
  <testcase name="WebApplication2Test" time="57.612" classname="com.experitest.auto.AndroidDemoTest"/>
  <testcase name="WebApplicationTest" time="55.222" classname="com.experitest.auto.AndroidDemoTest"/>
</testsuite> <!-- TestAndroid -->
