<?xml version="1.0" encoding="UTF-8"?>
<testng-results skipped="0" failed="0" total="6" passed="6">
  <reporter-output>
  </reporter-output>
  <suite name="Suite" duration-ms="774277" started-at="2018-01-09T13:05:13Z" finished-at="2018-01-09T13:18:07Z">
    <groups>
    </groups>
    <test name="TestIOS" duration-ms="89671" started-at="2018-01-09T13:05:13Z" finished-at="2018-01-09T13:06:42Z">
      <class name="com.experitest.auto.IOSDemoTest">
        <test-method status="PASS" signature="setUp(java.lang.String)[pri:0, instance:com.experitest.auto.IOSDemoTest@5bc79255]" name="setUp" is-config="true" duration-ms="29248" started-at="2018-01-09T18:35:13Z" finished-at="2018-01-09T18:35:42Z">
          <params>
            <param index="0">
              <value>
                <![CDATA[@os='ios']]>
              </value>
            </param>
          </params>
          <reporter-output>
          </reporter-output>
        </test-method> <!-- setUp -->
        <test-method status="PASS" signature="webLoginApplicationTest()[pri:0, instance:com.experitest.auto.IOSDemoTest@5bc79255]" name="webLoginApplicationTest" duration-ms="37568" started-at="2018-01-09T18:35:42Z" finished-at="2018-01-09T18:36:20Z">
          <reporter-output>
          </reporter-output>
        </test-method> <!-- webLoginApplicationTest -->
        <test-method status="PASS" signature="tearDown()[pri:0, instance:com.experitest.auto.IOSDemoTest@5bc79255]" name="tearDown" is-config="true" duration-ms="22792" started-at="2018-01-09T18:36:20Z" finished-at="2018-01-09T18:36:42Z">
          <reporter-output>
          </reporter-output>
        </test-method> <!-- tearDown -->
      </class> <!-- com.experitest.auto.IOSDemoTest -->
    </test> <!-- TestIOS -->
    <test name="TestAndroid" duration-ms="684561" started-at="2018-01-09T13:06:42Z" finished-at="2018-01-09T13:18:07Z">
      <class name="com.experitest.auto.AndroidDemoTest">
        <test-method status="PASS" signature="setUp(java.lang.String)[pri:0, instance:com.experitest.auto.AndroidDemoTest@3224f60b]" name="setUp" is-config="true" duration-ms="87398" started-at="2018-01-09T18:36:42Z" finished-at="2018-01-09T18:38:10Z">
          <params>
            <param index="0">
              <value>
                <![CDATA[@os='android']]>
              </value>
            </param>
          </params>
          <reporter-output>
          </reporter-output>
        </test-method> <!-- setUp -->
        <test-method status="PASS" signature="LaunchApplicationTest()[pri:0, instance:com.experitest.auto.AndroidDemoTest@3224f60b]" name="LaunchApplicationTest" duration-ms="14096" started-at="2018-01-09T18:38:10Z" finished-at="2018-01-09T18:38:24Z">
          <reporter-output>
          </reporter-output>
        </test-method> <!-- LaunchApplicationTest -->
        <test-method status="PASS" signature="tearDown()[pri:0, instance:com.experitest.auto.AndroidDemoTest@3224f60b]" name="tearDown" is-config="true" duration-ms="15478" started-at="2018-01-09T18:38:24Z" finished-at="2018-01-09T18:38:39Z">
          <reporter-output>
          </reporter-output>
        </test-method> <!-- tearDown -->
        <test-method status="PASS" signature="setUp(java.lang.String)[pri:0, instance:com.experitest.auto.AndroidDemoTest@3224f60b]" name="setUp" is-config="true" duration-ms="100641" started-at="2018-01-09T18:38:39Z" finished-at="2018-01-09T18:40:20Z">
          <params>
            <param index="0">
              <value>
                <![CDATA[@os='android']]>
              </value>
            </param>
          </params>
          <reporter-output>
          </reporter-output>
        </test-method> <!-- setUp -->
        <test-method status="PASS" signature="LoginApplicationTest()[pri:0, instance:com.experitest.auto.AndroidDemoTest@3224f60b]" name="LoginApplicationTest" duration-ms="21625" started-at="2018-01-09T18:40:20Z" finished-at="2018-01-09T18:40:42Z">
          <reporter-output>
          </reporter-output>
        </test-method> <!-- LoginApplicationTest -->
        <test-method status="PASS" signature="tearDown()[pri:0, instance:com.experitest.auto.AndroidDemoTest@3224f60b]" name="tearDown" is-config="true" duration-ms="23444" started-at="2018-01-09T18:40:42Z" finished-at="2018-01-09T18:41:05Z">
          <reporter-output>
          </reporter-output>
        </test-method> <!-- tearDown -->
        <test-method status="PASS" signature="setUp(java.lang.String)[pri:0, instance:com.experitest.auto.AndroidDemoTest@3224f60b]" name="setUp" is-config="true" duration-ms="31763" started-at="2018-01-09T18:41:05Z" finished-at="2018-01-09T18:41:37Z">
          <params>
            <param index="0">
              <value>
                <![CDATA[@os='android']]>
              </value>
            </param>
          </params>
          <reporter-output>
          </reporter-output>
        </test-method> <!-- setUp -->
        <test-method status="PASS" signature="MakePayMentTest()[pri:0, instance:com.experitest.auto.AndroidDemoTest@3224f60b]" name="MakePayMentTest" duration-ms="61563" started-at="2018-01-09T18:41:37Z" finished-at="2018-01-09T18:42:38Z">
          <reporter-output>
          </reporter-output>
        </test-method> <!-- MakePayMentTest -->
        <test-method status="PASS" signature="tearDown()[pri:0, instance:com.experitest.auto.AndroidDemoTest@3224f60b]" name="tearDown" is-config="true" duration-ms="26336" started-at="2018-01-09T18:42:38Z" finished-at="2018-01-09T18:43:05Z">
          <reporter-output>
          </reporter-output>
        </test-method> <!-- tearDown -->
        <test-method status="PASS" signature="setUp(java.lang.String)[pri:0, instance:com.experitest.auto.AndroidDemoTest@3224f60b]" name="setUp" is-config="true" duration-ms="98112" started-at="2018-01-09T18:43:05Z" finished-at="2018-01-09T18:44:43Z">
          <params>
            <param index="0">
              <value>
                <![CDATA[@os='android']]>
              </value>
            </param>
          </params>
          <reporter-output>
          </reporter-output>
        </test-method> <!-- setUp -->
        <test-method status="PASS" signature="WebApplication2Test()[pri:0, instance:com.experitest.auto.AndroidDemoTest@3224f60b]" name="WebApplication2Test" duration-ms="57612" started-at="2018-01-09T18:44:43Z" finished-at="2018-01-09T18:45:40Z">
          <reporter-output>
          </reporter-output>
        </test-method> <!-- WebApplication2Test -->
        <test-method status="PASS" signature="tearDown()[pri:0, instance:com.experitest.auto.AndroidDemoTest@3224f60b]" name="tearDown" is-config="true" duration-ms="21456" started-at="2018-01-09T18:45:40Z" finished-at="2018-01-09T18:46:02Z">
          <reporter-output>
          </reporter-output>
        </test-method> <!-- tearDown -->
        <test-method status="PASS" signature="setUp(java.lang.String)[pri:0, instance:com.experitest.auto.AndroidDemoTest@3224f60b]" name="setUp" is-config="true" duration-ms="44933" started-at="2018-01-09T18:46:02Z" finished-at="2018-01-09T18:46:47Z">
          <params>
            <param index="0">
              <value>
                <![CDATA[@os='android']]>
              </value>
            </param>
          </params>
          <reporter-output>
          </reporter-output>
        </test-method> <!-- setUp -->
        <test-method status="PASS" signature="WebApplicationTest()[pri:0, instance:com.experitest.auto.AndroidDemoTest@3224f60b]" name="WebApplicationTest" duration-ms="55222" started-at="2018-01-09T18:46:47Z" finished-at="2018-01-09T18:47:42Z">
          <reporter-output>
          </reporter-output>
        </test-method> <!-- WebApplicationTest -->
        <test-method status="PASS" signature="tearDown()[pri:0, instance:com.experitest.auto.AndroidDemoTest@3224f60b]" name="tearDown" is-config="true" duration-ms="24871" started-at="2018-01-09T18:47:42Z" finished-at="2018-01-09T18:48:07Z">
          <reporter-output>
          </reporter-output>
        </test-method> <!-- tearDown -->
      </class> <!-- com.experitest.auto.AndroidDemoTest -->
    </test> <!-- TestAndroid -->
  </suite> <!-- Suite -->
</testng-results>
